<?xml version="1.0" encoding="UTF-8"?>
<testng-results skipped="0" failed="0" ignored="0" total="1" passed="1">
  <reporter-output>
  </reporter-output>
  <suite name="Default suite" duration-ms="136838" started-at="2017-06-19T12:55:56Z" finished-at="2017-06-19T12:58:13Z">
    <groups>
    </groups>
    <test name="Default test" duration-ms="136838" started-at="2017-06-19T12:55:56Z" finished-at="2017-06-19T12:58:13Z">
      <class name="edwinPackage.AddtoCart">
        <test-method status="PASS" signature="addtoCart()[pri:0, instance:edwinPackage.AddtoCart@4fb17b]" name="addtoCart" duration-ms="136596" started-at="2017-06-19T18:25:56Z" finished-at="2017-06-19T18:28:13Z">
          <reporter-output>
          </reporter-output>
        </test-method> <!-- addtoCart -->
        <test-method status="PASS" signature="quit()[pri:0, instance:edwinPackage.AddtoCart@4fb17b]" name="quit" is-config="true" duration-ms="218" started-at="2017-06-19T18:28:13Z" finished-at="2017-06-19T18:28:13Z">
          <reporter-output>
          </reporter-output>
        </test-method> <!-- quit -->
      </class> <!-- edwinPackage.AddtoCart -->
    </test> <!-- Default test -->
  </suite> <!-- Default suite -->
</testng-results>
